\BOOKMARK [1][-]{section.1}{\376\377\137\025\212\000}{}% 1
\BOOKMARK [1][-]{section.2}{\376\377\000E\000M\173\227\154\325}{}% 2
\BOOKMARK [2][-]{subsection.2.1}{\376\377\116\011\170\154\136\001\225\356\230\230}{section.2}% 3
\BOOKMARK [2][-]{subsection.2.2}{\376\377\133\236\232\214\213\276\177\156}{section.2}% 4
\BOOKMARK [2][-]{subsection.2.3}{\376\377\133\236\232\214\176\323\147\234}{section.2}% 5
\BOOKMARK [2][-]{subsection.2.4}{\376\377\133\236\232\214\176\323\147\234\122\006\147\220}{section.2}% 6
\BOOKMARK [2][-]{subsection.2.5}{\376\377\116\000\153\041\145\066\145\133\163\260\214\141}{section.2}% 7
\BOOKMARK [2][-]{subsection.2.6}{\376\377\145\066\145\133\124\014\120\074\163\260\214\141}{section.2}% 8
\BOOKMARK [2][-]{subsection.2.7}{\376\377\116\213\133\236\116\016\211\302\155\113\116\213\133\236}{section.2}% 9
\BOOKMARK [2][-]{subsection.2.8}{\376\377\116\013\165\114\116\343\164\006\121\375\145\160}{section.2}% 10
\BOOKMARK [2][-]{subsection.2.9}{\376\377\123\357\211\306\123\026\176\323\147\234}{section.2}% 11
\BOOKMARK [1][-]{section.3}{\376\377\123\330\122\006\201\352\177\026\170\001\126\150}{}% 12
\BOOKMARK [2][-]{subsection.3.1}{\376\377\201\352\177\026\170\001\126\150}{section.3}% 13
\BOOKMARK [2][-]{subsection.3.2}{\376\377\000V\000A\000E\166\204\143\322\120\074\117\030\122\277}{section.3}% 14
\BOOKMARK [2][-]{subsection.3.3}{\376\377\152\041\127\213\176\323\147\204}{section.3}% 15
\BOOKMARK [2][-]{subsection.3.4}{\376\377\145\160\143\156\116\016\157\134\172\172\225\364}{section.3}% 16
\BOOKMARK [2][-]{subsection.3.5}{\376\377\143\137\131\061\121\375\145\160\143\250\133\374}{section.3}% 17
\BOOKMARK [1][-]{section.4}{\376\377\176\323\213\355}{}% 18
\BOOKMARK [1][-]{appendix.A}{\376\377\226\104\137\125}{}% 19
\BOOKMARK [2][-]{subsection.A.1}{\376\377\145\160\133\146\173\046\123\367\213\364\146\016}{appendix.A}% 20
\BOOKMARK [2][-]{subsection.A.2}{\376\377\226\104\122\240\133\236\232\214}{appendix.A}% 21
\BOOKMARK [2][-]{subsection.A.3}{\376\377\140\035\176\364\133\374\126\376}{appendix.A}% 22
